jarvis-android/app/build/intermediates/manifest_merge_blame_file/debug/processDebugMainManifest/manifest-merger-blame-debug-report.txt
1<?xml version="1.0" encoding="utf-8"?>
2<manifest xmlns:android="http://schemas.android.com/apk/res/android"
3    package="com.jarvis.os.app"
4    android:versionCode="1"
5    android:versionName="0.1.0-sprint7" >
6
7    <uses-sdk
8        android:minSdkVersion="26"
9        android:targetSdkVersion="35" />
10
11    <!--
12         INTERNET is declared now because the eventual backend bridge (Sprint-8+)
13         will need it; nothing in this sprint's code uses it yet — no HTTP client
14         exists in this codebase (see data/repository's module docstrings).
15    -->
16    <uses-permission android:name="android.permission.INTERNET" />
16-->src\main\AndroidManifest.xml:7:5-67
16-->src\main\AndroidManifest.xml:7:22-64
17    <uses-permission android:name="android.permission.POST_NOTIFICATIONS" />
17-->src\main\AndroidManifest.xml:8:5-77
17-->src\main\AndroidManifest.xml:8:22-74
18    <!--
19         Sprint 14-16 "Voice Experience": required at runtime (Android 6+)
20         before SpeechToTextController.startListening() can be called;
21         see HomeScreen for the actual runtime request flow, this
22         declaration alone does not grant it.
23    -->
24    <uses-permission android:name="android.permission.RECORD_AUDIO" />
24-->src\main\AndroidManifest.xml:13:5-71
24-->src\main\AndroidManifest.xml:13:22-68
25
26    <queries>
26-->[net.openid:appauth:0.11.1] AndroidManifest.xml:24:5-32:15
27        <intent>
27-->[net.openid:appauth:0.11.1] AndroidManifest.xml:25:9-31:18
28            <action android:name="android.intent.action.VIEW" />
28-->[net.openid:appauth:0.11.1] AndroidManifest.xml:26:13-65
28-->[net.openid:appauth:0.11.1] AndroidManifest.xml:26:21-62
29
30            <category android:name="android.intent.category.BROWSABLE" />
30-->[net.openid:appauth:0.11.1] AndroidManifest.xml:28:13-74
30-->[net.openid:appauth:0.11.1] AndroidManifest.xml:28:23-71
31
32            <data android:scheme="https" />
32-->[net.openid:appauth:0.11.1] AndroidManifest.xml:30:13-44
32-->[net.openid:appauth:0.11.1] AndroidManifest.xml:30:19-41
33        </intent>
34    </queries>
35
36    <permission
36-->[androidx.core:core:1.15.0] AndroidManifest.xml:22:5-24:47
37        android:name="com.jarvis.os.app.DYNAMIC_RECEIVER_NOT_EXPORTED_PERMISSION"
37-->[androidx.core:core:1.15.0] AndroidManifest.xml:23:9-81
38        android:protectionLevel="signature" />
38-->[androidx.core:core:1.15.0] AndroidManifest.xml:24:9-44
39
40    <uses-permission android:name="com.jarvis.os.app.DYNAMIC_RECEIVER_NOT_EXPORTED_PERMISSION" />
40-->[androidx.core:core:1.15.0] AndroidManifest.xml:26:5-97
40-->[androidx.core:core:1.15.0] AndroidManifest.xml:26:22-94
41
42    <application
42-->src\main\AndroidManifest.xml:15:5-33:19
43        android:name="com.jarvis.os.app.JarvisApplication"
43-->src\main\AndroidManifest.xml:16:9-42
44        android:allowBackup="true"
44-->src\main\AndroidManifest.xml:17:9-35
45        android:appComponentFactory="androidx.core.app.CoreComponentFactory"
45-->[androidx.core:core:1.15.0] AndroidManifest.xml:28:18-86
46        android:debuggable="true"
47        android:extractNativeLibs="false"
48        android:icon="@mipmap/ic_launcher"
48-->src\main\AndroidManifest.xml:18:9-43
49        android:label="@string/app_name"
49-->src\main\AndroidManifest.xml:19:9-41
50        android:supportsRtl="true"
50-->src\main\AndroidManifest.xml:21:9-35
51        android:theme="@style/Theme.Jarvis" >
51-->src\main\AndroidManifest.xml:20:9-44
52        <activity
52-->src\main\AndroidManifest.xml:23:9-32:20
53            android:name="com.jarvis.os.app.MainActivity"
53-->src\main\AndroidManifest.xml:24:13-41
54            android:configChanges="orientation|screenSize|screenLayout|keyboardHidden"
54-->src\main\AndroidManifest.xml:27:13-87
55            android:exported="true"
55-->src\main\AndroidManifest.xml:25:13-36
56            android:theme="@style/Theme.Jarvis" >
56-->src\main\AndroidManifest.xml:26:13-48
57            <intent-filter>
57-->src\main\AndroidManifest.xml:28:13-31:29
58                <action android:name="android.intent.action.MAIN" />
58-->src\main\AndroidManifest.xml:29:17-69
58-->src\main\AndroidManifest.xml:29:25-66
59
60                <category android:name="android.intent.category.LAUNCHER" />
60-->src\main\AndroidManifest.xml:30:17-77
60-->src\main\AndroidManifest.xml:30:27-74
61            </intent-filter>
62        </activity>
63        <activity
63-->[net.openid:appauth:0.11.1] AndroidManifest.xml:35:9-40:77
64            android:name="net.openid.appauth.AuthorizationManagementActivity"
64-->[net.openid:appauth:0.11.1] AndroidManifest.xml:36:13-78
65            android:configChanges="screenSize|smallestScreenSize|screenLayout|orientation|keyboard|keyboardHidden"
65-->[net.openid:appauth:0.11.1] AndroidManifest.xml:37:13-115
66            android:exported="false"
66-->[net.openid:appauth:0.11.1] AndroidManifest.xml:38:13-37
67            android:launchMode="singleTask"
67-->[net.openid:appauth:0.11.1] AndroidManifest.xml:39:13-44
68            android:theme="@style/Theme.AppCompat.Translucent.NoTitleBar" />
68-->[net.openid:appauth:0.11.1] AndroidManifest.xml:40:13-74
69        <activity
69-->[net.openid:appauth:0.11.1] AndroidManifest.xml:41:9-52:20
70            android:name="net.openid.appauth.RedirectUriReceiverActivity"
70-->[net.openid:appauth:0.11.1] AndroidManifest.xml:42:13-74
71            android:exported="true" >
71-->[net.openid:appauth:0.11.1] AndroidManifest.xml:43:13-36
72            <intent-filter>
72-->[net.openid:appauth:0.11.1] AndroidManifest.xml:44:13-51:29
73                <action android:name="android.intent.action.VIEW" />
73-->[net.openid:appauth:0.11.1] AndroidManifest.xml:26:13-65
73-->[net.openid:appauth:0.11.1] AndroidManifest.xml:26:21-62
74
75                <category android:name="android.intent.category.DEFAULT" />
75-->[net.openid:appauth:0.11.1] AndroidManifest.xml:47:17-76
75-->[net.openid:appauth:0.11.1] AndroidManifest.xml:47:27-73
76                <category android:name="android.intent.category.BROWSABLE" />
76-->[net.openid:appauth:0.11.1] AndroidManifest.xml:28:13-74
76-->[net.openid:appauth:0.11.1] AndroidManifest.xml:28:23-71
77
78                <data android:scheme="com.jarvis.os.app" />
78-->[net.openid:appauth:0.11.1] AndroidManifest.xml:30:13-44
78-->[net.openid:appauth:0.11.1] AndroidManifest.xml:30:19-41
79            </intent-filter>
80        </activity>
81
82        <provider
82-->[androidx.emoji2:emoji2:1.3.0] AndroidManifest.xml:24:9-32:20
83            android:name="androidx.startup.InitializationProvider"
83-->[androidx.emoji2:emoji2:1.3.0] AndroidManifest.xml:25:13-67
84            android:authorities="com.jarvis.os.app.androidx-startup"
84-->[androidx.emoji2:emoji2:1.3.0] AndroidManifest.xml:26:13-68
85            android:exported="false" >
85-->[androidx.emoji2:emoji2:1.3.0] AndroidManifest.xml:27:13-37
86            <meta-data
86-->[androidx.emoji2:emoji2:1.3.0] AndroidManifest.xml:29:13-31:52
87                android:name="androidx.emoji2.text.EmojiCompatInitializer"
87-->[androidx.emoji2:emoji2:1.3.0] AndroidManifest.xml:30:17-75
88                android:value="androidx.startup" />
88-->[androidx.emoji2:emoji2:1.3.0] AndroidManifest.xml:31:17-49
89            <meta-data
89-->[androidx.lifecycle:lifecycle-process:2.8.7] AndroidManifest.xml:29:13-31:52
90                android:name="androidx.lifecycle.ProcessLifecycleInitializer"
90-->[androidx.lifecycle:lifecycle-process:2.8.7] AndroidManifest.xml:30:17-78
91                android:value="androidx.startup" />
91-->[androidx.lifecycle:lifecycle-process:2.8.7] AndroidManifest.xml:31:17-49
92            <meta-data
92-->[androidx.profileinstaller:profileinstaller:1.3.1] AndroidManifest.xml:29:13-31:52
93                android:name="androidx.profileinstaller.ProfileInstallerInitializer"
93-->[androidx.profileinstaller:profileinstaller:1.3.1] AndroidManifest.xml:30:17-85
94                android:value="androidx.startup" />
94-->[androidx.profileinstaller:profileinstaller:1.3.1] AndroidManifest.xml:31:17-49
95        </provider>
96
97        <activity
97-->[androidx.compose.ui:ui-test-manifest:1.7.6] AndroidManifest.xml:23:9-25:39
98            android:name="androidx.activity.ComponentActivity"
98-->[androidx.compose.ui:ui-test-manifest:1.7.6] AndroidManifest.xml:24:13-63
99            android:exported="true" />
99-->[androidx.compose.ui:ui-test-manifest:1.7.6] AndroidManifest.xml:25:13-36
100        <activity
100-->[androidx.compose.ui:ui-tooling-android:1.7.6] AndroidManifest.xml:23:9-25:39
101            android:name="androidx.compose.ui.tooling.PreviewActivity"
101-->[androidx.compose.ui:ui-tooling-android:1.7.6] AndroidManifest.xml:24:13-71
102            android:exported="true" />
102-->[androidx.compose.ui:ui-tooling-android:1.7.6] AndroidManifest.xml:25:13-36
103
104        <receiver
104-->[androidx.profileinstaller:profileinstaller:1.3.1] AndroidManifest.xml:34:9-52:20
105            android:name="androidx.profileinstaller.ProfileInstallReceiver"
105-->[androidx.profileinstaller:profileinstaller:1.3.1] AndroidManifest.xml:35:13-76
106            android:directBootAware="false"
106-->[androidx.profileinstaller:profileinstaller:1.3.1] AndroidManifest.xml:36:13-44
107            android:enabled="true"
107-->[androidx.profileinstaller:profileinstaller:1.3.1] AndroidManifest.xml:37:13-35
108            android:exported="true"
108-->[androidx.profileinstaller:profileinstaller:1.3.1] AndroidManifest.xml:38:13-36
109            android:permission="android.permission.DUMP" >
109-->[androidx.profileinstaller:profileinstaller:1.3.1] AndroidManifest.xml:39:13-57
110            <intent-filter>
110-->[androidx.profileinstaller:profileinstaller:1.3.1] AndroidManifest.xml:40:13-42:29
111                <action android:name="androidx.profileinstaller.action.INSTALL_PROFILE" />
111-->[androidx.profileinstaller:profileinstaller:1.3.1] AndroidManifest.xml:41:17-91
111-->[androidx.profileinstaller:profileinstaller:1.3.1] AndroidManifest.xml:41:25-88
112            </intent-filter>
113            <intent-filter>
113-->[androidx.profileinstaller:profileinstaller:1.3.1] AndroidManifest.xml:43:13-45:29
114                <action android:name="androidx.profileinstaller.action.SKIP_FILE" />
114-->[androidx.profileinstaller:profileinstaller:1.3.1] AndroidManifest.xml:44:17-85
114-->[androidx.profileinstaller:profileinstaller:1.3.1] AndroidManifest.xml:44:25-82
115            </intent-filter>
116            <intent-filter>
116-->[androidx.profileinstaller:profileinstaller:1.3.1] AndroidManifest.xml:46:13-48:29
117                <action android:name="androidx.profileinstaller.action.SAVE_PROFILE" />
117-->[androidx.profileinstaller:profileinstaller:1.3.1] AndroidManifest.xml:47:17-88
117-->[androidx.profileinstaller:profileinstaller:1.3.1] AndroidManifest.xml:47:25-85
118            </intent-filter>
119            <intent-filter>
119-->[androidx.profileinstaller:profileinstaller:1.3.1] AndroidManifest.xml:49:13-51:29
120                <action android:name="androidx.profileinstaller.action.BENCHMARK_OPERATION" />
120-->[androidx.profileinstaller:profileinstaller:1.3.1] AndroidManifest.xml:50:17-95
120-->[androidx.profileinstaller:profileinstaller:1.3.1] AndroidManifest.xml:50:25-92
121            </intent-filter>
122        </receiver>
123    </application>
124
125</manifest>